0 info it worked if it ends with ok
1 verbose cli [ 'C:\\Program Files\\nodejs\\node.exe',
1 verbose cli   'C:\\Program Files\\nodejs\\node_modules\\npm\\bin\\npm-cli.js',
1 verbose cli   'start' ]
2 info using npm@3.10.6
3 info using node@v4.4.7
4 verbose run-script [ 'prestart', 'start', 'poststart' ]
5 info lifecycle nodeauth@0.0.0~prestart: nodeauth@0.0.0
6 silly lifecycle nodeauth@0.0.0~prestart: no script for prestart, continuing
7 info lifecycle nodeauth@0.0.0~start: nodeauth@0.0.0
8 verbose lifecycle nodeauth@0.0.0~start: unsafe-perm in lifecycle true
9 verbose lifecycle nodeauth@0.0.0~start: PATH: C:\Program Files\nodejs\node_modules\npm\bin\node-gyp-bin;C:\Users\keone\Documents\UniWork\Stack Skills\Node\PassportLoginAuthentication\node_modules\.bin;C:\Users\keone\bin;C:\Program Files (x86)\Git\mingw32\bin;C:\Program Files (x86)\Git\usr\local\bin;C:\Program Files (x86)\Git\usr\bin;C:\Program Files (x86)\Git\usr\bin;C:\Program Files (x86)\Git\mingw32\bin;C:\Program Files (x86)\Git\usr\bin;C:\Users\keone\bin;C:\Program Files\Python35\Scripts;C:\Program Files\Python35;C:\ProgramData\Oracle\Java\javapath;C:\WINDOWS\system32;C:\WINDOWS;C:\WINDOWS\System32\Wbem;C:\WINDOWS\System32\WindowsPowerShell\v1.0;C:\Program Files (x86)\GtkSharp\2.12\bin;C:\Program Files (x86)\Skype\Phone;C:\Program Files (x86)\Heroku\bin;C:\Program Files (x86)\git\cmd;C:\Program Files (x86)\Git\cmd;C:\Program Files\nodejs;C:\Users\keone\anaconda;C:\Users\keone\anaconda\Scripts;C:\Users\keone\anaconda\Library\bin;C:\RailsInstaller\Git\cmd;C:\RailsInstaller\Ruby2.2.0\bin;C:\Users\keone\AppData\Local\atom\bin;C:\Program Files\phantomjs-2.1.1-windows\bin;C:\Python27;C:\Program Files (x86)\Google\google_appengine;C:\Users\keone\AppData\Local\Android\sdk\tools;C:\Users\keone\AppData\Local\Android\sdk\platform-tools;C:\Program Files\Python35;C:\Users\keone\AppData\Roaming\npm;%USERPROFILE%\AppData\Local\Microsoft\WindowsApps;C:\Program Files (x86)\Git\usr\bin\vendor_perl;C:\Program Files (x86)\Git\usr\bin\core_perl
10 verbose lifecycle nodeauth@0.0.0~start: CWD: C:\Users\keone\Documents\UniWork\Stack Skills\Node\PassportLoginAuthentication
11 silly lifecycle nodeauth@0.0.0~start: Args: [ '/d /s /c', 'node ./bin/www' ]
12 silly lifecycle nodeauth@0.0.0~start: Returned: code: 1  signal: null
13 info lifecycle nodeauth@0.0.0~start: Failed to exec start script
14 verbose stack Error: nodeauth@0.0.0 start: `node ./bin/www`
14 verbose stack Exit status 1
14 verbose stack     at EventEmitter.<anonymous> (C:\Program Files\nodejs\node_modules\npm\lib\utils\lifecycle.js:255:16)
14 verbose stack     at emitTwo (events.js:87:13)
14 verbose stack     at EventEmitter.emit (events.js:172:7)
14 verbose stack     at ChildProcess.<anonymous> (C:\Program Files\nodejs\node_modules\npm\lib\utils\spawn.js:40:14)
14 verbose stack     at emitTwo (events.js:87:13)
14 verbose stack     at ChildProcess.emit (events.js:172:7)
14 verbose stack     at maybeClose (internal/child_process.js:827:16)
14 verbose stack     at Process.ChildProcess._handle.onexit (internal/child_process.js:211:5)
15 verbose pkgid nodeauth@0.0.0
16 verbose cwd C:\Users\keone\Documents\UniWork\Stack Skills\Node\PassportLoginAuthentication
17 error Windows_NT 10.0.14393
18 error argv "C:\\Program Files\\nodejs\\node.exe" "C:\\Program Files\\nodejs\\node_modules\\npm\\bin\\npm-cli.js" "start"
19 error node v4.4.7
20 error npm  v3.10.6
21 error code ELIFECYCLE
22 error nodeauth@0.0.0 start: `node ./bin/www`
22 error Exit status 1
23 error Failed at the nodeauth@0.0.0 start script 'node ./bin/www'.
23 error Make sure you have the latest version of node.js and npm installed.
23 error If you do, this is most likely a problem with the nodeauth package,
23 error not with npm itself.
23 error Tell the author that this fails on your system:
23 error     node ./bin/www
23 error You can get information on how to open an issue for this project with:
23 error     npm bugs nodeauth
23 error Or if that isn't available, you can get their info via:
23 error     npm owner ls nodeauth
23 error There is likely additional logging output above.
24 verbose exit [ 1, true ]
